<?xml version="1.0" encoding="UTF-8"?>
<testsuite xmlns:xsi="http://www.w3.org/2001/XMLSchema-instance" xsi:noNamespaceSchemaLocation="https://maven.apache.org/surefire/maven-surefire-plugin/xsd/surefire-test-report.xsd" name="TestSuite" time="71.2" tests="3" errors="0" skipped="0" failures="0">
  <properties>
[...]
</properties>
  <testcase name="firstScenarioTestMethod" classname="mobileAndriod.mobileAndriodChallenge.AppTest" time="15.849"/>
  <testcase name="secondScenarioTtestMethod" classname="mobileAndriod.mobileAndriodChallenge.AppTest" time="16.568"/>
  <testcase name="thirdScenarioTtestMethod" classname="mobileAndriod.mobileAndriodChallenge.AppTest" time="16.038"/>
</testsuite>