<?xml version="1.0" encoding="UTF-8"?>
<!-- Generated by org.testng.reporters.JUnitXMLReporter -->
<testsuite hostname="BAN7223.local" ignored="0" name="mobile Andriod CalculationApp" tests="3" failures="0" timestamp="30 Oct 2018 21:25:51 GMT" time="70.071" errors="0">
  <testcase name="firstScenarioTestMethod" time="15.848" classname="mobileAndriod.mobileAndriodChallenge.AppTest"/>
  <testcase name="secondScenarioTtestMethod" time="16.568" classname="mobileAndriod.mobileAndriodChallenge.AppTest"/>
  <testcase name="thirdScenarioTtestMethod" time="16.038" classname="mobileAndriod.mobileAndriodChallenge.AppTest"/>
</testsuite> <!-- mobile Andriod CalculationApp -->
